Start testing: May 19 00:51 CEST
----------------------------------------------------------
1/1 Testing: InitializeCameraTest.AlwaysTrue
1/1 Test: InitializeCameraTest.AlwaysTrue
Command: "/Users/davidlinhares/dev/d./haki-sense/build/tests/domain/usecases/camera/initialize_camera_test" "--gtest_filter=InitializeCameraTest.AlwaysTrue" "--gtest_also_run_disabled_tests"
Directory: /Users/davidlinhares/dev/d./haki-sense/build/tests/domain/usecases/camera
"InitializeCameraTest.AlwaysTrue" start time: May 19 00:51 CEST
Output:
----------------------------------------------------------
Running main() from /Users/davidlinhares/dev/d./haki-sense/build/_deps/googletest-src/googletest/src/gtest_main.cc
Note: Google Test filter = InitializeCameraTest.AlwaysTrue
[==========] Running 1 test from 1 test suite.
[----------] Global test environment set-up.
[----------] 1 test from InitializeCameraTest
[ RUN      ] InitializeCameraTest.AlwaysTrue
[       OK ] InitializeCameraTest.AlwaysTrue (0 ms)
[----------] 1 test from InitializeCameraTest (0 ms total)

[----------] Global test environment tear-down
[==========] 1 test from 1 test suite ran. (0 ms total)
[  PASSED  ] 1 test.
<end of output>
Test time =   0.00 sec
----------------------------------------------------------
Test Passed.
"InitializeCameraTest.AlwaysTrue" end time: May 19 00:51 CEST
"InitializeCameraTest.AlwaysTrue" time elapsed: 00:00:00
----------------------------------------------------------

End testing: May 19 00:51 CEST
